<?xml version="1.0" encoding="UTF-8"?>
<!-- Generated by org.testng.reporters.JUnitXMLReporter -->
<testsuite hostname="Naveen-Mac.local" ignored="0" name="login test" tests="3" failures="0" timestamp="03 Mar 2020 03:47:32 GMT" time="13.894" errors="0">
  <testcase name="signUpLinkTest" time="4.47" classname="com.tests.LoginTest"/>
  <testcase name="pageTitleTest" time="0.009" classname="com.tests.LoginTest"/>
  <testcase name="loginTest" time="4.786" classname="com.tests.LoginTest"/>
</testsuite> <!-- login test -->
