<?xml version="1.0" encoding="UTF-8"?>
<!-- Generated by org.testng.reporters.JUnitXMLReporter -->
<testsuite hostname="Naveen-Mac.local" ignored="0" name="My testng practice sanity test" tests="6" failures="0" timestamp="02 Mar 2020 03:39:52 GMT" time="0.063" errors="0">
  <testcase name="test2" time="0.016" classname="TestNGSessions.PriorityTest"/>
  <testcase name="loginTest" time="0.003" classname="TestNGSessions.ExpectedExceptionConcept"/>
  <testcase name="test3" time="0.001" classname="TestNGSessions.PriorityTest"/>
  <testcase name="test1" time="0.001" classname="TestNGSessions.PriorityTest"/>
  <testcase name="test4" time="0.001" classname="TestNGSessions.PriorityTest"/>
  <testcase name="test5" time="0.001" classname="TestNGSessions.PriorityTest"/>
</testsuite> <!-- My testng practice sanity test -->
