<?xml version="1.0" encoding="UTF-8"?>
<testng-results skipped="0" failed="0" ignored="0" total="2" passed="2">
  <reporter-output>
  </reporter-output>
  <suite name="Default suite" duration-ms="51" started-at="2020-03-18T03:49:07Z" finished-at="2020-03-18T03:49:07Z">
    <groups>
    </groups>
    <test name="Default test" duration-ms="51" started-at="2020-03-18T03:49:07Z" finished-at="2020-03-18T03:49:07Z">
      <class name="TestNGSessions.RandomOrderTest">
        <test-method status="PASS" signature="Test1()[pri:1, instance:TestNGSessions.RandomOrderTest@3532ec19]" name="Test1" duration-ms="23" started-at="2020-03-18T03:49:07Z" finished-at="2020-03-18T03:49:07Z">
          <reporter-output>
          </reporter-output>
        </test-method> <!-- Test1 -->
        <test-method status="PASS" signature="Test4()[pri:1, instance:TestNGSessions.RandomOrderTest@3532ec19]" name="Test4" duration-ms="1" started-at="2020-03-18T03:49:07Z" finished-at="2020-03-18T03:49:07Z">
          <reporter-output>
          </reporter-output>
        </test-method> <!-- Test4 -->
      </class> <!-- TestNGSessions.RandomOrderTest -->
    </test> <!-- Default test -->
  </suite> <!-- Default suite -->
</testng-results>
